Arguments: 
  /usr/bin/node /usr/bin/yarn publish

PATH: 
  /usr/local/sbin:/usr/local/bin:/usr/sbin:/usr/bin:/sbin:/bin:/usr/games:/usr/local/games:/snap/bin

Yarn version: 
  1.22.19

Node version: 
  16.18.1

Platform: 
  linux x64

Trace: 
  Error: canceled
      at Interface.<anonymous> (/usr/lib/node_modules/yarn/lib/cli.js:137150:13)
      at Interface.emit (node:events:513:28)
      at Interface._ttyWrite (node:readline:1085:16)
      at ReadStream.onkeypress (node:readline:291:10)
      at ReadStream.emit (node:events:513:28)
      at emitKeys (node:internal/readline/utils:357:14)
      at emitKeys.next (<anonymous>)
      at ReadStream.onData (node:internal/readline/emitKeypressEvents:61:36)
      at ReadStream.emit (node:events:513:28)
      at addChunk (node:internal/streams/readable:315:12)

npm manifest: 
  {
    "name": "Juno",
    "version": "0.0.03",
    "description": "This project can be use as a starting point for developing your Cosmos (Juno) based SubQuery project",
    "main": "dist/index.js",
    "scripts": {
      "build": "subql build",
      "codegen": "subql codegen",
      "start:docker": "docker-compose pull && docker-compose up --remove-orphans",
      "dev": "subql codegen && subql build && docker-compose pull && docker-compose up --remove-orphans",
      "prepack": "rm -rf dist && npm run build",
      "test": "jest",
      "deploy": "export SUBQL_ACCESS_TOKEN=OTU5NjIzMzE=6MCi1eEFoPueqhuUszLe && subql publish",
      "publish": "subql publish"
    },
    "homepage": "https://github.com/subquery/cosmos-subql-starter",
    "repository": "github:subquery/cosmos-subql-starter",
    "files": [
      "dist",
      "schema.graphql",
      "project.yaml"
    ],
    "author": "SubQuery Team",
    "license": "MIT",
    "devDependencies": {
      "@cosmjs/stargate": "^0.28.9",
      "@subql/cli": "latest",
      "typescript": "^4.7.4"
    },
    "dependencies": {
      "@subql/types-cosmos": "latest",
      "@types/node": "^17.0.21",
      "pino": "^7.8.0",
      "ts-proto": "^1.112.1",
      "tslib": "^2.3.1"
    }
  }

yarn manifest: 
  No manifest

Lockfile: 
  No lockfile
